[System]
Scanner=SkyScan2214
Instrument S/N=20C18017
Software Version=1.8
Home Directory=C:\SkyScan2214\SkyScan2214 User Software
Source Type=Hamamatsu L10711
Camera Type=FlatPanel: 2...50um, 140mm max.FOV
Camera Pixel Size (um)=74.800
Camera X/Y Ratio=1.0030
[User]
User Name=Skyscan4
Computer Name=ANAMIC05
[Acquisition]
Data Directory=D:\Results\EAWAG\10794\proj_rescan
Filename Prefix=10794~00
Number Of Files= 1104
Number Of Rows= 1944
Number Of Columns= 3072
Filename Index Length=8
Partial Width=OFF
Image crop origin X=0
Image crop origin Y=0
Camera binning=1x1
Image Rotation=0.18000
Optical Axis (line)= 1003
Object to Source (mm)=34.503
Camera to Source (mm)=313.563
Source Voltage (kV)=  70
Source Current (uA)= 140
Source Target Power (W)=6.01
Image Pixel Size (um)=8.230607
Scaled Image Pixel Size (um)=8.230607
Image Format=TIFF
Depth (bits)=16
Reference Intensity=58000
Exposure (ms)=657
Rotation Step (deg)=0.200
Use 360 Rotation=NO
High Aspect Ratio=NO
Scanning position=29.309 mm
Frame Averaging=OFF (3)
Flat Field Correction=ON
FF updating interval=158
Random Movement=OFF (40)
Filter=No Filter
Gantry direction=CW
Rotation Direction=CW
Intrinsic CS rotation in degree=0.0
Type of Detector Motion=STEP AND SHOOT
Scanning Trajectory=ROUND
Number of connected scans=3
Current scan number=1
Number of lines to be reconstructed=1546
Source Filament Type=W
Source spot size=Large
Suggested HU - Calibration=180000
Number Of Horizontal Offset Positions=1
Study Date and Time=30 Jul 2021  12h:17m:16s
Estimated Scan duration=2h:45m:30s
Scan duration=0h:49m:0s
Maximum vertical TS=5.0
[Reconstruction]
Reconstruction Program=NRecon
Program Version=Version: 2.1.0.1
Program Home Directory=C:\SkyScan1272\SkyScan1272
Reconstruction engine=GPUReconServer
Engine version=Version: 2.1.0
Reconstruction from batch=Yes
Postalignment Applied=1
Reconstructed using oversize-option=No
Connected Reconstruction (parts)=3
Oversize-option Bitmap=15
Sub-scan post alignment [0]=135.000000
Sub-scan post alignment [1]=124.000000
Sub-scan post alignment [2]=113.000000
Sub-scan scan length [0]=1549
Sub-scan scan length [1]=1544
Sub-scan scan length [2]=1546
Used extra shift in X per scan(micron)= 0.000  12.933  25.037 
Used extra shift in Y per scan(micron)= 0.000  -20.236  -23.352 
Reconstruction servers= ANAMIC02 
Dataset Origin=SkyScan2214
Dataset Prefix=10794~00
Dataset Directory=D:\Results\EAWAG\10794\proj_rescan
Output Directory=D:\Results\EAWAG\10794\rec_rescan_rereconstruct_OJ
Time and Date=21 Oct 2021  17h:38m:48s
First Section=290
Last Section=1735
Reconstruction duration per slice (seconds)=0.902490
Total reconstruction time (1446 slices) in seconds=1305.000000
Heel Effect Correction On=0
Section to Section Step=1
Sections Count=1446
Result File Type=PNG
Result File Header Length (bytes)=Unknown: compressed JPG format (100%)
Result Image Width (pixels)=2888
Result Image Height (pixels)=2604
Pixel Size (um)=8.23061
Reconstruction Angular Range (deg)=220.80
Use 180+=OFF
Angular Step (deg)=0.2000
Smoothing=0
Ring Artifact Correction=0
Draw Scales=OFF
Object Bigger than FOV=OFF
Reconstruction from ROI=ON
ROI Top (pixels)=2970
ROI Bottom (pixels)=365
ROI Left (pixels)=105
ROI Right (pixels)=2993
ROI reference length=3072
Filter cutoff relative to Nyquist frequency=100
Filter type=0
Filter type description=Hamming (Alpha=0.54)
Undersampling factor=1
Threshold for defect pixel mask (%)=0
Beam Hardening Correction (%)=0
CS Static Rotation (deg)=-21.17
CS Static Rotation Total(deg)=-21.17
Minimum for CS to Image Conversion=0.000000
Maximum for CS to Image Conversion=0.123484
HU Calibration=OFF
BMP LUT=0
Cone-beam Angle Horiz.(deg)=40.246586
Cone-beam Angle Vert.(deg)=26.108776
[File name convention]
Filename Index Length=8
Filename Prefix=10794_rec
