[System]
Scanner=SkyScan2214
Instrument S/N=20C18017
Software Version=1.8
Home Directory=C:\SkyScan2214\SkyScan2214 User Software
Source Type=Hamamatsu L10711
Camera Type=CCD2: 0.2...6um, 22/42mm max.FOV
Camera Pixel Size (um)=8.916
Camera X/Y Ratio=1.0000
[User]
User Name=Skyscan4
Computer Name=ANAMIC05
[Acquisition]
Data Directory=D:\Results\EAWAG\106985\2214_proj
Filename Prefix=106985~00
Number Of Files= 1913
Number Of Rows= 2688
Number Of Columns= 4032
Filename Index Length=8
Partial Width=OFF
Image crop origin X=0
Image crop origin Y=0
Camera binning=1x1
Image Rotation=0.25000
Optical Axis (line)= 1333
Object to Source (mm)=115.415
Camera to Source (mm)=233.876
Source Voltage (kV)=  70
Source Current (uA)= 115
Source Target Power (W)=4.24
Image Pixel Size (um)=4.399916
Scaled Image Pixel Size (um)=4.399916
Image Format=TIFF
Depth (bits)=16
Reference Intensity=58000
Camera position=close
Exposure (ms)=412
Rotation Step (deg)=0.100
Use 360 Rotation=NO
High Aspect Ratio=NO
Scanning position=17.845 mm
Frame Averaging=ON (2)
Flat Field Correction=ON
FF updating interval=274
Random Movement=OFF (40)
Filter=No Filter
Gantry direction=CW
Rotation Direction=CW
Intrinsic CS rotation in degree=0.0
Type of Detector Motion=STEP AND SHOOT
Scanning Trajectory=ROUND
Number of connected scans=3
Current scan number=1
Number of lines to be reconstructed=1904
Source Filament Type=W
Source spot size=Mid
Camera zoom position=Near
Suggested HU - Calibration=180000
Number Of Horizontal Offset Positions=1
Study Date and Time=14 Jan 2022  11h:41m:40s
Estimated Scan duration=6h:46m:0s
Scan duration=1h:46m:19s
Maximum vertical TS=2.0
Maximum horizontal TS=2.0
TS modified at=January14,16:00:49 ---  1913 of 1913 projections
TS modified according to=D:\Results\EAWAG\106985\2214_proj\106985~00_2DTransform.csv
TS modified at level=3
[Reconstruction]
Pseudo-parallel projection calculated=1
