[System]
Scanner=SkyScan2214
Instrument S/N=20C18017
Software Version=1.8
Home Directory=C:\SkyScan2214\SkyScan2214 User Software
Source Type=Hamamatsu L10711
Camera Type=FlatPanel: 2...50um, 140mm max.FOV
Camera Pixel Size (um)=74.800
Camera X/Y Ratio=1.0030
[User]
User Name=Skyscan4
Computer Name=ANAMIC05
[Acquisition]
Data Directory=D:\Results\EAWAG\10619\head\proj_4xbin_40um
Filename Prefix=10619~01
Number Of Files=  554
Number Of Rows=  486
Number Of Columns=  768
Filename Index Length=8
Partial Width=OFF
Image crop origin X=0
Image crop origin Y=0
Camera binning=4x4
Image Rotation=0.18000
Optical Axis (line)=  250
Object to Source (mm)=41.920
Camera to Source (mm)=313.563
Source Voltage (kV)=  70
Source Current (uA)= 140
Source Target Power (W)=5.79
Image Pixel Size (um)=39.999499
Scaled Image Pixel Size (um)=39.999499
Image Format=TIFF
Depth (bits)=16
Reference Intensity=58000
Exposure (ms)=681
Rotation Step (deg)=0.400
Use 360 Rotation=NO
High Aspect Ratio=NO
Scanning position=59.083 mm
Frame Averaging=OFF (4)
Flat Field Correction=ON
FF updating interval=80
Random Movement=OFF (10)
Filter=No Filter
Gantry direction=CW
Rotation Direction=CW
Intrinsic CS rotation in degree=0.0
Type of Detector Motion=STEP AND SHOOT
Scanning Trajectory=ROUND
Number of connected scans=2
Current scan number=2
Number of lines to be reconstructed=362
Source Filament Type=W
Source spot size=Large
Suggested HU - Calibration=180000
Number Of Horizontal Offset Positions=1
Study Date and Time=21 Oct 2021  17h:30m:15s
Estimated Scan duration=0h:52m:0s
Scan duration=0h:15m:48s
Maximum vertical TS=0.0
Maximum horizontal TS=0.0
TS modified at=October22,09:16:00 ---  554 of 554 projections
TS modified according to=D:\Results\EAWAG\10619\head\proj_4xbin_40um\10619~01_TS.csv
TS modified at level=2
Extra Image Shift In X suggested (micron)=2.263378
Extra Image Shift In Y suggested (micron)=-22.287178
Extra CS Rotation suggested (deg)=0.078868
[Reconstruction]
Pseudo-parallel projection calculated=1
