[System]
Scanner=SkyScan2214
Instrument S/N=20C18017
Software Version=1.8
Home Directory=C:\SkyScan2214\SkyScan2214 User Software
Source Type=Hamamatsu L10711
Camera Type=FlatPanel: 2...50um, 140mm max.FOV
Camera Pixel Size (um)=74.800
Camera X/Y Ratio=1.0030
[User]
User Name=Skyscan4
Computer Name=ANAMIC05
[Acquisition]
Data Directory=D:\Results\EAWAG\103718\head\proj
Filename Prefix=103718~00
Number Of Files= 1104
Number Of Rows= 1944
Number Of Columns= 3072
Filename Index Length=8
Partial Width=OFF
Image crop origin X=0
Image crop origin Y=0
Camera binning=1x1
Image Rotation=0.18000
Optical Axis (line)= 1003
Object to Source (mm)=62.887
Camera to Source (mm)=313.563
Source Voltage (kV)=  65
Source Current (uA)= 140
Source Target Power (W)=5.17
Image Pixel Size (um)=15.001691
Scaled Image Pixel Size (um)=15.001691
Image Format=TIFF
Depth (bits)=16
Reference Intensity=58000
Exposure (ms)=706
Rotation Step (deg)=0.200
Use 360 Rotation=NO
High Aspect Ratio=NO
Scanning position=38.214 mm
Frame Averaging=OFF (4)
Flat Field Correction=ON
FF updating interval=158
Random Movement=OFF (40)
Filter=No Filter
Gantry direction=CW
Rotation Direction=CW
Intrinsic CS rotation in degree=0.0
Type of Detector Motion=STEP AND SHOOT
Scanning Trajectory=ROUND
Source Filament Type=W
Source spot size=Large
Suggested HU - Calibration=180000
Number Of Horizontal Offset Positions=1
Study Date and Time=26 Oct 2021  09h:48m:44s
Estimated Scan duration=3h:44m:30s
Scan duration=0h:51m:16s
Maximum vertical TS=0.0
Maximum horizontal TS=1.0
TS modified at=October26,11:46:17 ---  1104 of 1104 projections
TS modified according to=D:\Results\EAWAG\103718\head\proj\103718~00_2DTransform.csv
TS modified at level=3
[Reconstruction]
Reconstruction Program=NRecon
Program Version=Version: 2.1.0.1
Program Home Directory=C:\SkyScan2214\SkyScan2214 User Software
Reconstruction engine=GPUReconServer
Engine version=Version: 2.1.0
Reconstruction from batch=Yes
Postalignment Applied=1
Postalignment=65.00
Reconstructed using oversize-option=No
Reconstruction servers= ANAMIC05 
Dataset Origin=SkyScan2214
Dataset Prefix=103718~00
Dataset Directory=D:\Results\EAWAG\103718\head\proj
Output Directory=D:\Results\EAWAG\103718\head\rec
Time and Date=26 Oct 2021  11h:54m:22s
First Section=756
Last Section=1942
Reconstruction duration per slice (seconds)=0.076664
Total reconstruction time (1187 slices) in seconds=91.000000
Heel Effect Correction On=0
Section to Section Step=1
Sections Count=1187
Result File Type=PNG
Result File Header Length (bytes)=Unknown: compressed JPG format (100%)
Result Image Width (pixels)=1904
Result Image Height (pixels)=1220
Pixel Size (um)=15.00169
Reconstruction Angular Range (deg)=220.80
Use 180+=OFF
Angular Step (deg)=0.2000
Smoothing=0
Ring Artifact Correction=0
Draw Scales=OFF
Object Bigger than FOV=OFF
Reconstruction from ROI=ON
ROI Top (pixels)=2081
ROI Bottom (pixels)=859
ROI Left (pixels)=712
ROI Right (pixels)=2616
ROI reference length=3072
Filter cutoff relative to Nyquist frequency=100
Filter type=0
Filter type description=Hamming (Alpha=0.54)
Undersampling factor=1
Threshold for defect pixel mask (%)=0
Beam Hardening Correction (%)=0
CS Static Rotation (deg)=78.32
CS Static Rotation Total(deg)=78.32
Minimum for CS to Image Conversion=0.000000
Maximum for CS to Image Conversion=0.099562
HU Calibration=OFF
BMP LUT=0
Cone-beam Angle Horiz.(deg)=40.246952
Cone-beam Angle Vert.(deg)=26.109028
[File name convention]
Filename Index Length=8
Filename Prefix=103718_rec
