[System]
Scanner=SkyScan2214
Instrument S/N=20C18017
Software Version=1.8
Home Directory=C:\SkyScan2214\SkyScan2214 User Software
Source Type=Hamamatsu L10711
Camera Type=FlatPanel: 2...50um, 140mm max.FOV
Camera Pixel Size (um)=74.800
Camera X/Y Ratio=1.0030
[User]
User Name=Skyscan4
Computer Name=ANAMIC05
[Acquisition]
Data Directory=D:\Results\EAWAG\11965\proj_head_40um
Filename Prefix=11965
Number Of Files=  223
Number Of Rows=  972
Number Of Columns= 1536
Filename Index Length=8
Partial Width=OFF
Image crop origin X=0
Image crop origin Y=0
Camera binning=2x2
Image Rotation=0.19000
Optical Axis (line)=  501
Object to Source (mm)=83.842
Camera to Source (mm)=313.563
Source Voltage (kV)=  70
Source Current (uA)= 140
Source Target Power (W)=4.12
Image Pixel Size (um)=40.000954
Scaled Image Pixel Size (um)=40.000954
Image Format=TIFF
Depth (bits)=16
Reference Intensity=58000
Exposure (ms)=736
Rotation Step (deg)=1.000
Use 360 Rotation=NO
High Aspect Ratio=NO
Scanning position=54.969 mm
Frame Averaging=OFF (4)
Flat Field Correction=ON
FF updating interval=32
Random Movement=OFF (20)
Filter=No Filter
Gantry direction=CW
Rotation Direction=CW
Intrinsic CS rotation in degree=0.0
Type of Detector Motion=STEP AND SHOOT
Scanning Trajectory=ROUND
Source Filament Type=W
Source spot size=Large
Suggested HU - Calibration=180000
Number Of Horizontal Offset Positions=1
Study Date and Time=19 Aug 2021  15h:25m:09s
Estimated Scan duration=0h:32m:45s
Scan duration=0h:8m:17s
Maximum vertical TS=1.0
Maximum horizontal TS=0.0
TS modified at=December03,13:47:33 ---  223 of 223 projections
TS modified according to=S:\EAWAG\11965\proj_head_40um\11965_TS.csv
TS modified at level=0
[Reconstruction]
Reconstruction Program=NRecon
Program Version=Version: 2.1.0.1
Program Home Directory=C:\SkyScan1272\SkyScan1272
Reconstruction engine=GPUReconServer
Engine version=Version: 2.1.0
Reconstruction from batch=Yes
Postalignment Applied=1
Postalignment=17.00
Reconstructed using oversize-option=No
Reconstruction servers= ANAMIC02 
Dataset Origin=SkyScan2214
Dataset Prefix=11965
Dataset Directory=D:\Results\EAWAG\11965\proj_head_40um
Output Directory=D:\Results\EAWAG\11965\rec_head_40um
Time and Date=13 Dec 2021  11h:04m:55s
First Section=30
Last Section=970
Reconstruction duration per slice (seconds)=0.034006
Total reconstruction time (941 slices) in seconds=32.000000
Heel Effect Correction On=0
Section to Section Step=1
Sections Count=941
Result File Type=PNG
Result File Header Length (bytes)=Unknown: compressed JPG format (100%)
Result Image Width (pixels)=1020
Result Image Height (pixels)=604
Pixel Size (um)=40.00095
Reconstruction Angular Range (deg)=223.00
Use 180+=OFF
Angular Step (deg)=1.0000
Smoothing=0
Ring Artifact Correction=0
Draw Scales=OFF
Object Bigger than FOV=OFF
Reconstruction from ROI=ON
ROI Top (pixels)=1002
ROI Bottom (pixels)=395
ROI Left (pixels)=330
ROI Right (pixels)=1352
ROI reference length=1536
Filter cutoff relative to Nyquist frequency=100
Filter type=0
Filter type description=Hamming (Alpha=0.54)
Undersampling factor=1
Threshold for defect pixel mask (%)=0
Beam Hardening Correction (%)=0
CS Static Rotation (deg)=234.00
CS Static Rotation Total(deg)=234.00
Minimum for CS to Image Conversion=0.000000
Maximum for CS to Image Conversion=0.094539
HU Calibration=OFF
BMP LUT=0
Cone-beam Angle Horiz.(deg)=40.246902
Cone-beam Angle Vert.(deg)=26.108988
[File name convention]
Filename Index Length=8
Filename Prefix=11965_rec
