[System]
Scanner=SkyScan1272
Instrument S/N=15G09089-B
Software Version=1.4
Home Directory=C:\SkyScan1272\SkyScan1272
Source Type=HAMAMATSU_L11871_20
Camera Type=XIMEA xiRAY16
Camera Pixel Size (um)=7.4
Camera X/Y Ratio=1.0023
[User]
User Name=haberthu
Computer Name=ANAMIC02
[Acquisition]
Data Directory=D:\Results\EAWAG\109857\proj
Filename Prefix=109857~01
Filename Index Length=8
Number Of Files= 1895
Number Of Rows= 3280
Number Of Columns= 4904
Partial Width=OFF
Image crop origin X=0
Image crop origin Y=0
Camera binning=1x1
Image Rotation=-0.08200
Optical Axis (line)= 1766
Camera to Source (mm)=224.07267
Object to Source (mm)=136.26100
Source Voltage (kV)=  60
Source Current (uA)= 166
Image Pixel Size (um)=4.500020
Scaled Image Pixel Size (um)=4.500020
Image Format=TIFF
Depth (bits)=16
Reference Intensity=57000
Camera position=Middle
Exposure (ms)=3314
Rotation Step (deg)=0.100
Use 360 Rotation=NO
Scanning position=17.685 mm
Frame Averaging=ON (3)
Random Movement=OFF (30)
Flat Field Correction=ON
FF updating interval=271
Geometrical Correction=ON
Filter=Al 0.25mm
Gantry direction=CC
Rotation Direction=CC
Type of Detector Motion=STEP AND SHOOT
Scanning Trajectory=ROUND
Beam position=0
Skip extra frame=On
Source spot size=Small
Number Of Horizontal Offset Positions=1
Number of connected scans=2
Current scan number=2
Number of lines to be reconstructed=2416
Study Date and Time=03 Dec 2021  09h:13m:42s
Scan duration=8h:1m:50s
Maximum vertical TS=15.0
Maximum horizontal TS=16.0
TS modified at=December03,10:54:11 ---  1895 of 1895 projections
TS modified according to=D:\Results\EAWAG\109857\proj\109857~01_TS.csv
TS modified at level=2
Extra Image Shift In X suggested (micron)=82.003578
Extra Image Shift In Y suggested (micron)=46.019817
Extra CS Rotation suggested (deg)=-0.276266
[Reconstruction]
Pseudo-parallel projection calculated=1
