[System]
Scanner=SkyScan2214
Instrument S/N=20C18017
Software Version=1.8
Home Directory=C:\SkyScan2214\SkyScan2214 User Software
Source Type=Hamamatsu L10711
Camera Type=FlatPanel: 2...50um, 140mm max.FOV
Camera Pixel Size (um)=74.800
Camera X/Y Ratio=1.0030
[User]
User Name=Skyscan4
Computer Name=ANAMIC05
[Acquisition]
Data Directory=D:\Results\EAWAG\10619\head\proj_unbinned_17.5um
Filename Prefix=10619~00
Number Of Files= 2205
Number Of Rows=  486
Number Of Columns=  768
Filename Index Length=8
Partial Width=OFF
Image crop origin X=0
Image crop origin Y=0
Camera binning=4x4
Image Rotation=0.18000
Optical Axis (line)=  250
Object to Source (mm)=35.500
Camera to Source (mm)=313.563
Source Voltage (kV)=  70
Source Current (uA)= 140
Source Target Power (W)=5.65
Image Pixel Size (um)=33.873713
Scaled Image Pixel Size (um)=33.873713
Image Format=TIFF
Depth (bits)=16
Reference Intensity=58000
Exposure (ms)=681
Rotation Step (deg)=0.100
Use 360 Rotation=NO
High Aspect Ratio=NO
Scanning position=48.639 mm
Frame Averaging=OFF (4)
Flat Field Correction=ON
FF updating interval=315
Random Movement=OFF (10)
Filter=No Filter
Gantry direction=CW
Rotation Direction=CW
Intrinsic CS rotation in degree=0.0
Type of Detector Motion=STEP AND SHOOT
Scanning Trajectory=ROUND
Number of connected scans=4
Current scan number=1
Number of lines to be reconstructed=316
Source Filament Type=W
Source spot size=Large
Suggested HU - Calibration=180000
Number Of Horizontal Offset Positions=1
Study Date and Time=21 Oct 2021  12h:11m:05s
Estimated Scan duration=0h:52m:0s
Scan duration=1h:2m:2s
Maximum vertical TS=5.0
[Reconstruction]
Reconstruction Program=NRecon
Program Version=Version: 2.1.0.1
Program Home Directory=C:\SkyScan1272\SkyScan1272
Reconstruction engine=GPUReconServer
Engine version=Version: 2.1.0
Reconstruction from batch=Yes
Postalignment Applied=1
Reconstructed using oversize-option=No
Connected Reconstruction (parts)=4
Oversize-option Bitmap=15
Sub-scan post alignment [0]=36.000000
Sub-scan post alignment [1]=34.000000
Sub-scan post alignment [2]=32.500000
Sub-scan post alignment [3]=30.000000
Sub-scan scan length [0]=316
Sub-scan scan length [1]=316
Sub-scan scan length [2]=281
Sub-scan scan length [3]=281
Used extra rotation per scan(deg)= 0.000  0.068  0.197  0.230 
Used extra shift in X per scan(micron)= 0.000  9.839  15.466  7.957 
Used extra shift in Y per scan(micron)= 0.000  -6.215  -6.246  -18.064 
Reconstruction servers= ANAMIC02 
Dataset Origin=SkyScan2214
Dataset Prefix=10619~03
Dataset Directory=D:\Results\EAWAG\10619\head\proj_unbinned_17.5um
Output Directory=D:\Results\EAWAG\10619\head\rec_unbinned_17.5um
Time and Date=22 Oct 2021  15h:10m:28s
First Section=2
Last Section=1397
Reconstruction duration per slice (seconds)=0.412473
Total reconstruction time (914 slices) in seconds=377.000000
Heel Effect Correction On=0
Section to Section Step=1
Sections Count=1396
Result File Type=PNG
Result File Header Length (bytes)=Unknown: compressed JPG format (100%)
Result Image Width (pixels)=768
Result Image Height (pixels)=768
Pixel Size (um)=33.87371
Reconstruction Angular Range (deg)=220.50
Use 180+=OFF
Angular Step (deg)=0.1000
Smoothing=0
Ring Artifact Correction=0
Draw Scales=OFF
Object Bigger than FOV=OFF
Reconstruction from ROI=OFF
Filter cutoff relative to Nyquist frequency=100
Filter type=0
Filter type description=Hamming (Alpha=0.54)
Undersampling factor=1
Threshold for defect pixel mask (%)=0
Beam Hardening Correction (%)=0
CS Static Rotation (deg)=107.67
CS Static Rotation Total(deg)=107.67
Minimum for CS to Image Conversion=0.000000
Maximum for CS to Image Conversion=0.090000
HU Calibration=OFF
BMP LUT=0
Cone-beam Angle Horiz.(deg)=40.246544
Cone-beam Angle Vert.(deg)=26.108746
